[DEBUG] DDG status=202 len=14363 query='CBF "tabela detalhada" brasileirão "série a" 2026 rodada pdf'
[DEBUG] DDG anchors matched: 0
[DEBUG] DDG total <a href> on page: 1; sample classes: [['header-url']]
[DEBUG] Bing status=200 len=74303
[DEBUG] Bing results matched: 0
[DEBUG] search_web('CBF "tabela detalhada" brasileirão "série a" 2026 rodada pdf') -> 0 urls: []
[WARN] Nenhum PDF encontrado via busca para Brasil - Série A
[DEBUG] DDG status=202 len=14357 query='CBF "tabela detalhada" brasileirão "série b" 2026 rodada pdf'
[DEBUG] DDG anchors matched: 0
[DEBUG] DDG total <a href> on page: 1; sample classes: [['header-url']]
[DEBUG] Bing status=200 len=74725
[DEBUG] Bing results matched: 0
[DEBUG] search_web('CBF "tabela detalhada" brasileirão "série b" 2026 rodada pdf') -> 0 urls: []
[WARN] Nenhum PDF encontrado via busca para Brasil - Série B
[DEBUG] DDG status=202 len=14363 query='CBF "tabela detalhada" brasileirão "série c" 2026 rodada pdf'
[DEBUG] DDG anchors matched: 0
[DEBUG] DDG total <a href> on page: 1; sample classes: [['header-url']]
[DEBUG] Bing status=200 len=75347
[DEBUG] Bing results matched: 0
[DEBUG] search_web('CBF "tabela detalhada" brasileirão "série c" 2026 rodada pdf') -> 0 urls: []
[WARN] Nenhum PDF encontrado via busca para Brasil - Série C
[DEBUG] DDG status=202 len=14363 query='CBF "tabela detalhada" brasileirão "série d" 2026 rodada pdf'
[DEBUG] DDG anchors matched: 0
[DEBUG] DDG total <a href> on page: 1; sample classes: [['header-url']]
[DEBUG] Bing status=200 len=75996
[DEBUG] Bing results matched: 0
[DEBUG] search_web('CBF "tabela detalhada" brasileirão "série d" 2026 rodada pdf') -> 0 urls: []
[WARN] Nenhum PDF encontrado via busca para Brasil - Série D
[INFO] Buscando PDFs de Tabela Detalhada da CBF via busca de texto...
[INFO] PDFs encontrados: 0
[OK] FERJ HTML -> 0 jogos
[OK] FMF HTML -> 0 jogos
[OK] FPF HTML -> 0 jogos

Brasil adicionados/atualizados: 0
Total JSON atual: 663
